Compiling the CXX compiler identification source file "CMakeCXXCompilerId.cpp" failed.
Compiler: CMAKE_CXX_COMPILER-NOTFOUND 
Build flags: 
Id flags:  

The output was:
No such file or directory


Compiling the CXX compiler identification source file "CMakeCXXCompilerId.cpp" failed.
Compiler: CMAKE_CXX_COMPILER-NOTFOUND 
Build flags: 
Id flags: -c 

The output was:
No such file or directory


Compiling the CXX compiler identification source file "CMakeCXXCompilerId.cpp" failed.
Compiler: CMAKE_CXX_COMPILER-NOTFOUND 
Build flags: 
Id flags: --c++ 

The output was:
No such file or directory


Compiling the CXX compiler identification source file "CMakeCXXCompilerId.cpp" failed.
Compiler: CMAKE_CXX_COMPILER-NOTFOUND 
Build flags: 
Id flags: --ec++ 

The output was:
No such file or directory


Compiling the CXX compiler identification source file "CMakeCXXCompilerId.cpp" failed.
Compiler: CMAKE_CXX_COMPILER-NOTFOUND 
Build flags: 
Id flags:  

The output was:
No such file or directory


Compiling the CXX compiler identification source file "CMakeCXXCompilerId.cpp" failed.
Compiler: CMAKE_CXX_COMPILER-NOTFOUND 
Build flags: 
Id flags: -c 

The output was:
No such file or directory


Compiling the CXX compiler identification source file "CMakeCXXCompilerId.cpp" failed.
Compiler: CMAKE_CXX_COMPILER-NOTFOUND 
Build flags: 
Id flags: --c++ 

The output was:
No such file or directory


Compiling the CXX compiler identification source file "CMakeCXXCompilerId.cpp" failed.
Compiler: CMAKE_CXX_COMPILER-NOTFOUND 
Build flags: 
Id flags: --ec++ 

The output was:
No such file or directory


Determining if the Q_WS_WIN exist failed with the following output:
Change Dir: /home/thep/spacein4/CMakeFiles/CMakeTmp

Run Build Command:"/usr/bin/make" "cmTC_a129a/fast"
/usr/bin/make -f CMakeFiles/cmTC_a129a.dir/build.make CMakeFiles/cmTC_a129a.dir/build
make[1] : on entre dans le répertoire « /home/thep/spacein4/CMakeFiles/CMakeTmp »
Building CXX object CMakeFiles/cmTC_a129a.dir/CheckSymbolExists.cxx.o
/usr/bin/c++   -I/usr/include/qt4  -Wall -Wextra -O2 -std=c++11    -o CMakeFiles/cmTC_a129a.dir/CheckSymbolExists.cxx.o -c /home/thep/spacein4/CMakeFiles/CMakeTmp/CheckSymbolExists.cxx
/home/thep/spacein4/CMakeFiles/CMakeTmp/CheckSymbolExists.cxx: In function ‘int main(int, char**)’:
/home/thep/spacein4/CMakeFiles/CMakeTmp/CheckSymbolExists.cxx:8:19: error: ‘Q_WS_WIN’ was not declared in this scope
   return ((int*)(&Q_WS_WIN))[argc];
                   ^~~~~~~~
/home/thep/spacein4/CMakeFiles/CMakeTmp/CheckSymbolExists.cxx:8:19: note: suggested alternative: ‘Q_WS_X11’
   return ((int*)(&Q_WS_WIN))[argc];
                   ^~~~~~~~
                   Q_WS_X11
CMakeFiles/cmTC_a129a.dir/build.make:65: recipe for target 'CMakeFiles/cmTC_a129a.dir/CheckSymbolExists.cxx.o' failed
make[1]: *** [CMakeFiles/cmTC_a129a.dir/CheckSymbolExists.cxx.o] Error 1
make[1] : on quitte le répertoire « /home/thep/spacein4/CMakeFiles/CMakeTmp »
Makefile:126: recipe for target 'cmTC_a129a/fast' failed
make: *** [cmTC_a129a/fast] Error 2

File /home/thep/spacein4/CMakeFiles/CMakeTmp/CheckSymbolExists.cxx:
/* */
#include <QtCore/qglobal.h>

int main(int argc, char** argv)
{
  (void)argv;
#ifndef Q_WS_WIN
  return ((int*)(&Q_WS_WIN))[argc];
#else
  (void)argc;
  return 0;
#endif
}

Determining if the Q_WS_QWS exist failed with the following output:
Change Dir: /home/thep/spacein4/CMakeFiles/CMakeTmp

Run Build Command:"/usr/bin/make" "cmTC_7ccd0/fast"
/usr/bin/make -f CMakeFiles/cmTC_7ccd0.dir/build.make CMakeFiles/cmTC_7ccd0.dir/build
make[1] : on entre dans le répertoire « /home/thep/spacein4/CMakeFiles/CMakeTmp »
Building CXX object CMakeFiles/cmTC_7ccd0.dir/CheckSymbolExists.cxx.o
/usr/bin/c++   -I/usr/include/qt4  -Wall -Wextra -O2 -std=c++11    -o CMakeFiles/cmTC_7ccd0.dir/CheckSymbolExists.cxx.o -c /home/thep/spacein4/CMakeFiles/CMakeTmp/CheckSymbolExists.cxx
/home/thep/spacein4/CMakeFiles/CMakeTmp/CheckSymbolExists.cxx: In function ‘int main(int, char**)’:
/home/thep/spacein4/CMakeFiles/CMakeTmp/CheckSymbolExists.cxx:8:19: error: ‘Q_WS_QWS’ was not declared in this scope
   return ((int*)(&Q_WS_QWS))[argc];
                   ^~~~~~~~
/home/thep/spacein4/CMakeFiles/CMakeTmp/CheckSymbolExists.cxx:8:19: note: suggested alternative: ‘Q_WS_X11’
   return ((int*)(&Q_WS_QWS))[argc];
                   ^~~~~~~~
                   Q_WS_X11
CMakeFiles/cmTC_7ccd0.dir/build.make:65: recipe for target 'CMakeFiles/cmTC_7ccd0.dir/CheckSymbolExists.cxx.o' failed
make[1]: *** [CMakeFiles/cmTC_7ccd0.dir/CheckSymbolExists.cxx.o] Error 1
make[1] : on quitte le répertoire « /home/thep/spacein4/CMakeFiles/CMakeTmp »
Makefile:126: recipe for target 'cmTC_7ccd0/fast' failed
make: *** [cmTC_7ccd0/fast] Error 2

File /home/thep/spacein4/CMakeFiles/CMakeTmp/CheckSymbolExists.cxx:
/* */
#include <QtCore/qglobal.h>

int main(int argc, char** argv)
{
  (void)argv;
#ifndef Q_WS_QWS
  return ((int*)(&Q_WS_QWS))[argc];
#else
  (void)argc;
  return 0;
#endif
}

Determining if the Q_WS_MAC exist failed with the following output:
Change Dir: /home/thep/spacein4/CMakeFiles/CMakeTmp

Run Build Command:"/usr/bin/make" "cmTC_13a47/fast"
/usr/bin/make -f CMakeFiles/cmTC_13a47.dir/build.make CMakeFiles/cmTC_13a47.dir/build
make[1] : on entre dans le répertoire « /home/thep/spacein4/CMakeFiles/CMakeTmp »
Building CXX object CMakeFiles/cmTC_13a47.dir/CheckSymbolExists.cxx.o
/usr/bin/c++   -I/usr/include/qt4  -Wall -Wextra -O2 -std=c++11    -o CMakeFiles/cmTC_13a47.dir/CheckSymbolExists.cxx.o -c /home/thep/spacein4/CMakeFiles/CMakeTmp/CheckSymbolExists.cxx
/home/thep/spacein4/CMakeFiles/CMakeTmp/CheckSymbolExists.cxx: In function ‘int main(int, char**)’:
/home/thep/spacein4/CMakeFiles/CMakeTmp/CheckSymbolExists.cxx:8:19: error: ‘Q_WS_MAC’ was not declared in this scope
   return ((int*)(&Q_WS_MAC))[argc];
                   ^~~~~~~~
/home/thep/spacein4/CMakeFiles/CMakeTmp/CheckSymbolExists.cxx:8:19: note: suggested alternative: ‘Q_WS_X11’
   return ((int*)(&Q_WS_MAC))[argc];
                   ^~~~~~~~
                   Q_WS_X11
CMakeFiles/cmTC_13a47.dir/build.make:65: recipe for target 'CMakeFiles/cmTC_13a47.dir/CheckSymbolExists.cxx.o' failed
make[1]: *** [CMakeFiles/cmTC_13a47.dir/CheckSymbolExists.cxx.o] Error 1
make[1] : on quitte le répertoire « /home/thep/spacein4/CMakeFiles/CMakeTmp »
Makefile:126: recipe for target 'cmTC_13a47/fast' failed
make: *** [cmTC_13a47/fast] Error 2

File /home/thep/spacein4/CMakeFiles/CMakeTmp/CheckSymbolExists.cxx:
/* */
#include <QtCore/qglobal.h>

int main(int argc, char** argv)
{
  (void)argv;
#ifndef Q_WS_MAC
  return ((int*)(&Q_WS_MAC))[argc];
#else
  (void)argc;
  return 0;
#endif
}

Determining if the Q_WS_WIN exist failed with the following output:
Change Dir: /home/thep/spacein4/CMakeFiles/CMakeTmp

Run Build Command:"/usr/bin/make" "cmTC_9533f/fast"
/usr/bin/make -f CMakeFiles/cmTC_9533f.dir/build.make CMakeFiles/cmTC_9533f.dir/build
make[1] : on entre dans le répertoire « /home/thep/spacein4/CMakeFiles/CMakeTmp »
Building CXX object CMakeFiles/cmTC_9533f.dir/CheckSymbolExists.cxx.o
/usr/bin/c++   -I/usr/include/qt4  -Wall -Wextra -O2 -std=c++11    -o CMakeFiles/cmTC_9533f.dir/CheckSymbolExists.cxx.o -c /home/thep/spacein4/CMakeFiles/CMakeTmp/CheckSymbolExists.cxx
/home/thep/spacein4/CMakeFiles/CMakeTmp/CheckSymbolExists.cxx: In function ‘int main(int, char**)’:
/home/thep/spacein4/CMakeFiles/CMakeTmp/CheckSymbolExists.cxx:8:19: error: ‘Q_WS_WIN’ was not declared in this scope
   return ((int*)(&Q_WS_WIN))[argc];
                   ^~~~~~~~
/home/thep/spacein4/CMakeFiles/CMakeTmp/CheckSymbolExists.cxx:8:19: note: suggested alternative: ‘Q_WS_X11’
   return ((int*)(&Q_WS_WIN))[argc];
                   ^~~~~~~~
                   Q_WS_X11
CMakeFiles/cmTC_9533f.dir/build.make:65: recipe for target 'CMakeFiles/cmTC_9533f.dir/CheckSymbolExists.cxx.o' failed
make[1]: *** [CMakeFiles/cmTC_9533f.dir/CheckSymbolExists.cxx.o] Error 1
make[1] : on quitte le répertoire « /home/thep/spacein4/CMakeFiles/CMakeTmp »
Makefile:126: recipe for target 'cmTC_9533f/fast' failed
make: *** [cmTC_9533f/fast] Error 2

File /home/thep/spacein4/CMakeFiles/CMakeTmp/CheckSymbolExists.cxx:
/* */
#include <QtCore/qglobal.h>

int main(int argc, char** argv)
{
  (void)argv;
#ifndef Q_WS_WIN
  return ((int*)(&Q_WS_WIN))[argc];
#else
  (void)argc;
  return 0;
#endif
}

Determining if the Q_WS_QWS exist failed with the following output:
Change Dir: /home/thep/spacein4/CMakeFiles/CMakeTmp

Run Build Command:"/usr/bin/make" "cmTC_1fddc/fast"
/usr/bin/make -f CMakeFiles/cmTC_1fddc.dir/build.make CMakeFiles/cmTC_1fddc.dir/build
make[1] : on entre dans le répertoire « /home/thep/spacein4/CMakeFiles/CMakeTmp »
Building CXX object CMakeFiles/cmTC_1fddc.dir/CheckSymbolExists.cxx.o
/usr/bin/c++   -I/usr/include/qt4  -Wall -Wextra -O2 -std=c++11    -o CMakeFiles/cmTC_1fddc.dir/CheckSymbolExists.cxx.o -c /home/thep/spacein4/CMakeFiles/CMakeTmp/CheckSymbolExists.cxx
/home/thep/spacein4/CMakeFiles/CMakeTmp/CheckSymbolExists.cxx: In function ‘int main(int, char**)’:
/home/thep/spacein4/CMakeFiles/CMakeTmp/CheckSymbolExists.cxx:8:19: error: ‘Q_WS_QWS’ was not declared in this scope
   return ((int*)(&Q_WS_QWS))[argc];
                   ^~~~~~~~
/home/thep/spacein4/CMakeFiles/CMakeTmp/CheckSymbolExists.cxx:8:19: note: suggested alternative: ‘Q_WS_X11’
   return ((int*)(&Q_WS_QWS))[argc];
                   ^~~~~~~~
                   Q_WS_X11
CMakeFiles/cmTC_1fddc.dir/build.make:65: recipe for target 'CMakeFiles/cmTC_1fddc.dir/CheckSymbolExists.cxx.o' failed
make[1]: *** [CMakeFiles/cmTC_1fddc.dir/CheckSymbolExists.cxx.o] Error 1
make[1] : on quitte le répertoire « /home/thep/spacein4/CMakeFiles/CMakeTmp »
Makefile:126: recipe for target 'cmTC_1fddc/fast' failed
make: *** [cmTC_1fddc/fast] Error 2

File /home/thep/spacein4/CMakeFiles/CMakeTmp/CheckSymbolExists.cxx:
/* */
#include <QtCore/qglobal.h>

int main(int argc, char** argv)
{
  (void)argv;
#ifndef Q_WS_QWS
  return ((int*)(&Q_WS_QWS))[argc];
#else
  (void)argc;
  return 0;
#endif
}

Determining if the Q_WS_MAC exist failed with the following output:
Change Dir: /home/thep/spacein4/CMakeFiles/CMakeTmp

Run Build Command:"/usr/bin/make" "cmTC_d7f87/fast"
/usr/bin/make -f CMakeFiles/cmTC_d7f87.dir/build.make CMakeFiles/cmTC_d7f87.dir/build
make[1] : on entre dans le répertoire « /home/thep/spacein4/CMakeFiles/CMakeTmp »
Building CXX object CMakeFiles/cmTC_d7f87.dir/CheckSymbolExists.cxx.o
/usr/bin/c++   -I/usr/include/qt4  -Wall -Wextra -O2 -std=c++11    -o CMakeFiles/cmTC_d7f87.dir/CheckSymbolExists.cxx.o -c /home/thep/spacein4/CMakeFiles/CMakeTmp/CheckSymbolExists.cxx
/home/thep/spacein4/CMakeFiles/CMakeTmp/CheckSymbolExists.cxx: In function ‘int main(int, char**)’:
/home/thep/spacein4/CMakeFiles/CMakeTmp/CheckSymbolExists.cxx:8:19: error: ‘Q_WS_MAC’ was not declared in this scope
   return ((int*)(&Q_WS_MAC))[argc];
                   ^~~~~~~~
/home/thep/spacein4/CMakeFiles/CMakeTmp/CheckSymbolExists.cxx:8:19: note: suggested alternative: ‘Q_WS_X11’
   return ((int*)(&Q_WS_MAC))[argc];
                   ^~~~~~~~
                   Q_WS_X11
CMakeFiles/cmTC_d7f87.dir/build.make:65: recipe for target 'CMakeFiles/cmTC_d7f87.dir/CheckSymbolExists.cxx.o' failed
make[1]: *** [CMakeFiles/cmTC_d7f87.dir/CheckSymbolExists.cxx.o] Error 1
make[1] : on quitte le répertoire « /home/thep/spacein4/CMakeFiles/CMakeTmp »
Makefile:126: recipe for target 'cmTC_d7f87/fast' failed
make: *** [cmTC_d7f87/fast] Error 2

File /home/thep/spacein4/CMakeFiles/CMakeTmp/CheckSymbolExists.cxx:
/* */
#include <QtCore/qglobal.h>

int main(int argc, char** argv)
{
  (void)argv;
#ifndef Q_WS_MAC
  return ((int*)(&Q_WS_MAC))[argc];
#else
  (void)argc;
  return 0;
#endif
}

